<?xml version="1.0" ?>
<!DOCTYPE coverage SYSTEM "http://cobertura.sourceforge.net/xml/coverage-04.dtd">
<coverage lines-valid="39" lines-covered="29" line-rate="0.7434999999999999" branches-valid="22" branches-covered="18" branch-rate="0.8181" timestamp="1657920726750" complexity="0" version="0.1">
  <sources>
    <source>C:\Dev Perso\TrelloDuPauvre\TrelloDuPauvreFront</source>
  </sources>
  <packages>
    <package name="components" line-rate="0.1666" branch-rate="0">
      <classes>
        <class name="ProjectPanel.vue" filename="src\components\ProjectPanel.vue" line-rate="0.2" branch-rate="0">
          <methods>
            <method name="(anonymous_0)" hits="0" signature="()V">
              <lines>
                <line number="23" hits="0"/>
              </lines>
            </method>
            <method name="(anonymous_1)" hits="0" signature="()V">
              <lines>
                <line number="26" hits="0"/>
              </lines>
            </method>
            <method name="(anonymous_2)" hits="0" signature="()V">
              <lines>
                <line number="31" hits="0"/>
              </lines>
            </method>
          </methods>
          <lines>
            <line number="15" hits="1" branch="false"/>
            <line number="24" hits="0" branch="false"/>
            <line number="27" hits="0" branch="true" condition-coverage="0% (0/4)"/>
            <line number="32" hits="0" branch="false"/>
            <line number="33" hits="0" branch="false"/>
          </lines>
        </class>
        <class name="TicketPanel.vue" filename="src\components\TicketPanel.vue" line-rate="0.14279999999999998" branch-rate="1">
          <methods>
            <method name="(anonymous_0)" hits="0" signature="()V">
              <lines>
                <line number="26" hits="0"/>
              </lines>
            </method>
            <method name="(anonymous_1)" hits="0" signature="()V">
              <lines>
                <line number="32" hits="0"/>
              </lines>
            </method>
            <method name="(anonymous_2)" hits="0" signature="()V">
              <lines>
                <line number="38" hits="0"/>
              </lines>
            </method>
            <method name="(anonymous_3)" hits="0" signature="()V">
              <lines>
                <line number="41" hits="0"/>
              </lines>
            </method>
            <method name="(anonymous_4)" hits="0" signature="()V">
              <lines>
                <line number="44" hits="0"/>
              </lines>
            </method>
          </methods>
          <lines>
            <line number="19" hits="1" branch="false"/>
            <line number="27" hits="0" branch="false"/>
            <line number="33" hits="0" branch="false"/>
            <line number="34" hits="0" branch="false"/>
            <line number="39" hits="0" branch="false"/>
            <line number="42" hits="0" branch="false"/>
            <line number="45" hits="0" branch="false"/>
          </lines>
        </class>
      </classes>
    </package>
    <package name="components.common" line-rate="1" branch-rate="1">
      <classes>
        <class name="ActionButton.vue" filename="src\components\common\ActionButton.vue" line-rate="1" branch-rate="1">
          <methods>
            <method name="(anonymous_0)" hits="0" signature="()V">
              <lines>
                <line number="15" hits="0"/>
              </lines>
            </method>
          </methods>
          <lines>
            <line number="11" hits="1" branch="false"/>
          </lines>
        </class>
        <class name="ActionButtonDropList.vue" filename="src\components\common\ActionButtonDropList.vue" line-rate="1" branch-rate="1">
          <methods>
            <method name="(anonymous_0)" hits="22" signature="()V">
              <lines>
                <line number="33" hits="22"/>
              </lines>
            </method>
            <method name="(anonymous_1)" hits="2" signature="()V">
              <lines>
                <line number="45" hits="2"/>
              </lines>
            </method>
            <method name="(anonymous_2)" hits="2" signature="()V">
              <lines>
                <line number="48" hits="2"/>
              </lines>
            </method>
            <method name="(anonymous_3)" hits="1" signature="()V">
              <lines>
                <line number="53" hits="1"/>
              </lines>
            </method>
            <method name="(anonymous_4)" hits="22" signature="()V">
              <lines>
                <line number="62" hits="22"/>
              </lines>
            </method>
            <method name="(anonymous_5)" hits="26" signature="()V">
              <lines>
                <line number="65" hits="26"/>
              </lines>
            </method>
            <method name="(anonymous_6)" hits="4" signature="()V">
              <lines>
                <line number="68" hits="4"/>
              </lines>
            </method>
            <method name="(anonymous_7)" hits="10" signature="()V">
              <lines>
                <line number="69" hits="10"/>
              </lines>
            </method>
            <method name="(anonymous_8)" hits="7" signature="()V">
              <lines>
                <line number="77" hits="7"/>
              </lines>
            </method>
            <method name="(anonymous_9)" hits="36" signature="()V">
              <lines>
                <line number="80" hits="36"/>
              </lines>
            </method>
            <method name="(anonymous_10)" hits="36" signature="()V">
              <lines>
                <line number="85" hits="36"/>
              </lines>
            </method>
          </methods>
          <lines>
            <line number="25" hits="2" branch="false"/>
            <line number="34" hits="22" branch="false"/>
            <line number="46" hits="2" branch="false"/>
            <line number="49" hits="2" branch="false"/>
            <line number="50" hits="2" branch="false"/>
            <line number="51" hits="2" branch="false"/>
            <line number="54" hits="1" branch="false"/>
            <line number="55" hits="1" branch="false"/>
            <line number="56" hits="1" branch="false"/>
            <line number="57" hits="1" branch="false"/>
            <line number="58" hits="1" branch="false"/>
            <line number="63" hits="22" branch="false"/>
            <line number="66" hits="26" branch="true" condition-coverage="100% (2/2)"/>
            <line number="69" hits="4" branch="false"/>
            <line number="70" hits="10" branch="true" condition-coverage="100% (2/2)"/>
            <line number="78" hits="7" branch="true" condition-coverage="100% (2/2)"/>
            <line number="81" hits="36" branch="true" condition-coverage="100% (2/2)"/>
            <line number="86" hits="36" branch="true" condition-coverage="100% (2/2)"/>
          </lines>
        </class>
        <class name="EditField.vue" filename="src\components\common\EditField.vue" line-rate="1" branch-rate="1">
          <methods>
            <method name="(anonymous_0)" hits="3" signature="()V">
              <lines>
                <line number="32" hits="3"/>
              </lines>
            </method>
            <method name="(anonymous_1)" hits="1" signature="()V">
              <lines>
                <line number="38" hits="1"/>
              </lines>
            </method>
            <method name="(anonymous_2)" hits="1" signature="()V">
              <lines>
                <line number="41" hits="1"/>
              </lines>
            </method>
            <method name="(anonymous_3)" hits="3" signature="()V">
              <lines>
                <line number="46" hits="3"/>
              </lines>
            </method>
            <method name="(anonymous_4)" hits="3" signature="()V">
              <lines>
                <line number="49" hits="3"/>
              </lines>
            </method>
          </methods>
          <lines>
            <line number="25" hits="3" branch="false"/>
            <line number="33" hits="3" branch="false"/>
            <line number="39" hits="1" branch="false"/>
            <line number="42" hits="1" branch="false"/>
            <line number="47" hits="3" branch="false"/>
            <line number="50" hits="3" branch="false"/>
          </lines>
        </class>
        <class name="NavBar.vue" filename="src\components\common\NavBar.vue" line-rate="1" branch-rate="1">
          <methods>
            <method name="(anonymous_0)" hits="1" signature="()V">
              <lines>
                <line number="22" hits="1"/>
              </lines>
            </method>
          </methods>
          <lines>
            <line number="21" hits="1" branch="false"/>
            <line number="23" hits="1" branch="false"/>
          </lines>
        </class>
      </classes>
    </package>
  </packages>
</coverage>
