TN:
SF:src\components\ProjectPanel.vue
FN:23,(anonymous_0)
FN:26,(anonymous_1)
FN:31,(anonymous_2)
FNF:3
FNH:0
FNDA:0,(anonymous_0)
FNDA:0,(anonymous_1)
FNDA:0,(anonymous_2)
DA:15,1
DA:24,0
DA:27,0
DA:32,0
DA:33,0
LF:5
LH:1
BRDA:27,0,0,0
BRDA:27,0,1,0
BRDA:27,1,0,0
BRDA:27,1,1,0
BRF:4
BRH:0
end_of_record
TN:
SF:src\components\TicketPanel.vue
FN:26,(anonymous_0)
FN:32,(anonymous_1)
FN:38,(anonymous_2)
FN:41,(anonymous_3)
FN:44,(anonymous_4)
FNF:5
FNH:0
FNDA:0,(anonymous_0)
FNDA:0,(anonymous_1)
FNDA:0,(anonymous_2)
FNDA:0,(anonymous_3)
FNDA:0,(anonymous_4)
DA:19,1
DA:27,0
DA:33,0
DA:34,0
DA:39,0
DA:42,0
DA:45,0
LF:7
LH:1
BRF:0
BRH:0
end_of_record
TN:
SF:src\components\common\ActionButton.vue
FN:15,(anonymous_0)
FNF:1
FNH:0
FNDA:0,(anonymous_0)
DA:11,1
LF:1
LH:1
BRF:0
BRH:0
end_of_record
TN:
SF:src\components\common\ActionButtonDropList.vue
FN:33,(anonymous_0)
FN:45,(anonymous_1)
FN:48,(anonymous_2)
FN:53,(anonymous_3)
FN:62,(anonymous_4)
FN:65,(anonymous_5)
FN:68,(anonymous_6)
FN:69,(anonymous_7)
FN:77,(anonymous_8)
FN:80,(anonymous_9)
FN:85,(anonymous_10)
FNF:11
FNH:11
FNDA:22,(anonymous_0)
FNDA:2,(anonymous_1)
FNDA:2,(anonymous_2)
FNDA:1,(anonymous_3)
FNDA:22,(anonymous_4)
FNDA:26,(anonymous_5)
FNDA:4,(anonymous_6)
FNDA:10,(anonymous_7)
FNDA:7,(anonymous_8)
FNDA:36,(anonymous_9)
FNDA:36,(anonymous_10)
DA:25,2
DA:34,22
DA:46,2
DA:49,2
DA:50,2
DA:51,2
DA:54,1
DA:55,1
DA:56,1
DA:57,1
DA:58,1
DA:63,22
DA:66,26
DA:69,4
DA:70,10
DA:78,7
DA:81,36
DA:86,36
LF:18
LH:18
BRDA:35,0,0,2
BRDA:35,0,1,20
BRDA:36,1,0,1
BRDA:36,1,1,1
BRDA:66,2,0,4
BRDA:66,2,1,22
BRDA:70,3,0,4
BRDA:70,3,1,6
BRDA:71,4,0,1
BRDA:71,4,1,3
BRDA:71,5,0,4
BRDA:71,5,1,2
BRDA:78,6,0,3
BRDA:78,6,1,4
BRDA:81,7,0,16
BRDA:81,7,1,20
BRDA:86,8,0,16
BRDA:86,8,1,20
BRF:18
BRH:18
end_of_record
TN:
SF:src\components\common\EditField.vue
FN:32,(anonymous_0)
FN:38,(anonymous_1)
FN:41,(anonymous_2)
FN:46,(anonymous_3)
FN:49,(anonymous_4)
FNF:5
FNH:5
FNDA:3,(anonymous_0)
FNDA:1,(anonymous_1)
FNDA:1,(anonymous_2)
FNDA:3,(anonymous_3)
FNDA:3,(anonymous_4)
DA:25,3
DA:33,3
DA:39,1
DA:42,1
DA:47,3
DA:50,3
LF:6
LH:6
BRF:0
BRH:0
end_of_record
TN:
SF:src\components\common\NavBar.vue
FN:22,(anonymous_0)
FNF:1
FNH:1
FNDA:1,(anonymous_0)
DA:21,1
DA:23,1
LF:2
LH:2
BRF:0
BRH:0
end_of_record
